2018-11-07 18:56:08 Error: [Cake\Routing\Exception\MissingControllerException] Controller class Coverage could not be found.
Exception Attributes: array (
  'class' => 'Coverage',
  'plugin' => false,
  'prefix' => false,
  '_ext' => false,
)
Request URL: /coverage
Stack Trace:
#0 C:\Program Files (x86)\Ampps\www\gestionDesStages7V2-1\vendor\cakephp\cakephp\src\Http\ControllerFactory.php(39): Cake\Http\ControllerFactory->missingController(Object(Cake\Http\ServerRequest))
#1 C:\Program Files (x86)\Ampps\www\gestionDesStages7V2-1\vendor\cakephp\cakephp\src\Http\ActionDispatcher.php(91): Cake\Http\ControllerFactory->create(Object(Cake\Http\ServerRequest), Object(Cake\Http\Response))
#2 C:\Program Files (x86)\Ampps\www\gestionDesStages7V2-1\vendor\cakephp\cakephp\src\Http\BaseApplication.php(235): Cake\Http\ActionDispatcher->dispatch(Object(Cake\Http\ServerRequest), Object(Cake\Http\Response))
#3 C:\Program Files (x86)\Ampps\www\gestionDesStages7V2-1\vendor\cakephp\cakephp\src\Http\Runner.php(65): Cake\Http\BaseApplication->__invoke(Object(Cake\Http\ServerRequest), Object(Cake\Http\Response), Object(Cake\Http\Runner))
#4 C:\Program Files (x86)\Ampps\www\gestionDesStages7V2-1\vendor\cakephp\cakephp\src\Http\Middleware\CsrfProtectionMiddleware.php(103): Cake\Http\Runner->__invoke(Object(Cake\Http\ServerRequest), Object(Cake\Http\Response))
#5 C:\Program Files (x86)\Ampps\www\gestionDesStages7V2-1\vendor\cakephp\cakephp\src\Http\Runner.php(65): Cake\Http\Middleware\CsrfProtectionMiddleware->__invoke(Object(Cake\Http\ServerRequest), Object(Cake\Http\Response), Object(Cake\Http\Runner))
#6 C:\Program Files (x86)\Ampps\www\gestionDesStages7V2-1\vendor\cakephp\cakephp\src\Routing\Middleware\RoutingMiddleware.php(156): Cake\Http\Runner->__invoke(Object(Cake\Http\ServerRequest), Object(Cake\Http\Response))
#7 C:\Program Files (x86)\Ampps\www\gestionDesStages7V2-1\vendor\cakephp\cakephp\src\Http\Runner.php(65): Cake\Routing\Middleware\RoutingMiddleware->__invoke(Object(Cake\Http\ServerRequest), Object(Cake\Http\Response), Object(Cake\Http\Runner))
#8 C:\Program Files (x86)\Ampps\www\gestionDesStages7V2-1\vendor\cakephp\cakephp\src\Routing\Middleware\AssetMiddleware.php(88): Cake\Http\Runner->__invoke(Object(Cake\Http\ServerRequest), Object(Cake\Http\Response))
#9 C:\Program Files (x86)\Ampps\www\gestionDesStages7V2-1\vendor\cakephp\cakephp\src\Http\Runner.php(65): Cake\Routing\Middleware\AssetMiddleware->__invoke(Object(Cake\Http\ServerRequest), Object(Cake\Http\Response), Object(Cake\Http\Runner))
#10 C:\Program Files (x86)\Ampps\www\gestionDesStages7V2-1\vendor\cakephp\cakephp\src\Error\Middleware\ErrorHandlerMiddleware.php(98): Cake\Http\Runner->__invoke(Object(Cake\Http\ServerRequest), Object(Cake\Http\Response))
#11 C:\Program Files (x86)\Ampps\www\gestionDesStages7V2-1\vendor\cakephp\cakephp\src\Http\Runner.php(65): Cake\Error\Middleware\ErrorHandlerMiddleware->__invoke(Object(Cake\Http\ServerRequest), Object(Cake\Http\Response), Object(Cake\Http\Runner))
#12 C:\Program Files (x86)\Ampps\www\gestionDesStages7V2-1\vendor\cakephp\debug_kit\src\Middleware\DebugKitMiddleware.php(53): Cake\Http\Runner->__invoke(Object(Cake\Http\ServerRequest), Object(Cake\Http\Response))
#13 C:\Program Files (x86)\Ampps\www\gestionDesStages7V2-1\vendor\cakephp\cakephp\src\Http\Runner.php(65): DebugKit\Middleware\DebugKitMiddleware->__invoke(Object(Cake\Http\ServerRequest), Object(Cake\Http\Response), Object(Cake\Http\Runner))
#14 C:\Program Files (x86)\Ampps\www\gestionDesStages7V2-1\vendor\cakephp\cakephp\src\Http\Runner.php(51): Cake\Http\Runner->__invoke(Object(Cake\Http\ServerRequest), Object(Cake\Http\Response))
#15 C:\Program Files (x86)\Ampps\www\gestionDesStages7V2-1\vendor\cakephp\cakephp\src\Http\Server.php(98): Cake\Http\Runner->run(Object(Cake\Http\MiddlewareQueue), Object(Cake\Http\ServerRequest), Object(Cake\Http\Response))
#16 C:\Program Files (x86)\Ampps\www\gestionDesStages7V2-1\webroot\index.php(40): Cake\Http\Server->run()
#17 {main}


2018-11-07 18:56:31 Error: [Cake\Routing\Exception\MissingControllerException] Controller class Coverage could not be found.
Exception Attributes: array (
  'class' => 'Coverage',
  'plugin' => false,
  'prefix' => false,
  '_ext' => false,
)
Request URL: /coverage/index.html
Stack Trace:
#0 C:\Program Files (x86)\Ampps\www\gestionDesStages7V2-1\vendor\cakephp\cakephp\src\Http\ControllerFactory.php(39): Cake\Http\ControllerFactory->missingController(Object(Cake\Http\ServerRequest))
#1 C:\Program Files (x86)\Ampps\www\gestionDesStages7V2-1\vendor\cakephp\cakephp\src\Http\ActionDispatcher.php(91): Cake\Http\ControllerFactory->create(Object(Cake\Http\ServerRequest), Object(Cake\Http\Response))
#2 C:\Program Files (x86)\Ampps\www\gestionDesStages7V2-1\vendor\cakephp\cakephp\src\Http\BaseApplication.php(235): Cake\Http\ActionDispatcher->dispatch(Object(Cake\Http\ServerRequest), Object(Cake\Http\Response))
#3 C:\Program Files (x86)\Ampps\www\gestionDesStages7V2-1\vendor\cakephp\cakephp\src\Http\Runner.php(65): Cake\Http\BaseApplication->__invoke(Object(Cake\Http\ServerRequest), Object(Cake\Http\Response), Object(Cake\Http\Runner))
#4 C:\Program Files (x86)\Ampps\www\gestionDesStages7V2-1\vendor\cakephp\cakephp\src\Http\Middleware\CsrfProtectionMiddleware.php(107): Cake\Http\Runner->__invoke(Object(Cake\Http\ServerRequest), Object(Cake\Http\Response))
#5 C:\Program Files (x86)\Ampps\www\gestionDesStages7V2-1\vendor\cakephp\cakephp\src\Http\Runner.php(65): Cake\Http\Middleware\CsrfProtectionMiddleware->__invoke(Object(Cake\Http\ServerRequest), Object(Cake\Http\Response), Object(Cake\Http\Runner))
#6 C:\Program Files (x86)\Ampps\www\gestionDesStages7V2-1\vendor\cakephp\cakephp\src\Routing\Middleware\RoutingMiddleware.php(156): Cake\Http\Runner->__invoke(Object(Cake\Http\ServerRequest), Object(Cake\Http\Response))
#7 C:\Program Files (x86)\Ampps\www\gestionDesStages7V2-1\vendor\cakephp\cakephp\src\Http\Runner.php(65): Cake\Routing\Middleware\RoutingMiddleware->__invoke(Object(Cake\Http\ServerRequest), Object(Cake\Http\Response), Object(Cake\Http\Runner))
#8 C:\Program Files (x86)\Ampps\www\gestionDesStages7V2-1\vendor\cakephp\cakephp\src\Routing\Middleware\AssetMiddleware.php(97): Cake\Http\Runner->__invoke(Object(Cake\Http\ServerRequest), Object(Cake\Http\Response))
#9 C:\Program Files (x86)\Ampps\www\gestionDesStages7V2-1\vendor\cakephp\cakephp\src\Http\Runner.php(65): Cake\Routing\Middleware\AssetMiddleware->__invoke(Object(Cake\Http\ServerRequest), Object(Cake\Http\Response), Object(Cake\Http\Runner))
#10 C:\Program Files (x86)\Ampps\www\gestionDesStages7V2-1\vendor\cakephp\cakephp\src\Error\Middleware\ErrorHandlerMiddleware.php(98): Cake\Http\Runner->__invoke(Object(Cake\Http\ServerRequest), Object(Cake\Http\Response))
#11 C:\Program Files (x86)\Ampps\www\gestionDesStages7V2-1\vendor\cakephp\cakephp\src\Http\Runner.php(65): Cake\Error\Middleware\ErrorHandlerMiddleware->__invoke(Object(Cake\Http\ServerRequest), Object(Cake\Http\Response), Object(Cake\Http\Runner))
#12 C:\Program Files (x86)\Ampps\www\gestionDesStages7V2-1\vendor\cakephp\debug_kit\src\Middleware\DebugKitMiddleware.php(53): Cake\Http\Runner->__invoke(Object(Cake\Http\ServerRequest), Object(Cake\Http\Response))
#13 C:\Program Files (x86)\Ampps\www\gestionDesStages7V2-1\vendor\cakephp\cakephp\src\Http\Runner.php(65): DebugKit\Middleware\DebugKitMiddleware->__invoke(Object(Cake\Http\ServerRequest), Object(Cake\Http\Response), Object(Cake\Http\Runner))
#14 C:\Program Files (x86)\Ampps\www\gestionDesStages7V2-1\vendor\cakephp\cakephp\src\Http\Runner.php(51): Cake\Http\Runner->__invoke(Object(Cake\Http\ServerRequest), Object(Cake\Http\Response))
#15 C:\Program Files (x86)\Ampps\www\gestionDesStages7V2-1\vendor\cakephp\cakephp\src\Http\Server.php(98): Cake\Http\Runner->run(Object(Cake\Http\MiddlewareQueue), Object(Cake\Http\ServerRequest), Object(Cake\Http\Response))
#16 C:\Program Files (x86)\Ampps\www\gestionDesStages7V2-1\webroot\index.php(40): Cake\Http\Server->run()
#17 {main}


2018-11-07 19:20:24 Error: [Cake\Controller\Exception\MissingActionException] Action StudentsController::editStudent() could not be found, or is not accessible.
Exception Attributes: array (
  'controller' => 'StudentsController',
  'action' => 'editStudent',
  'prefix' => '',
  'plugin' => false,
)
Request URL: /students/editStudent/5
Stack Trace:
#0 C:\Program Files (x86)\Ampps\www\gestionDesStages7V2-1\vendor\cakephp\cakephp\src\Http\ActionDispatcher.php(120): Cake\Controller\Controller->invokeAction()
#1 C:\Program Files (x86)\Ampps\www\gestionDesStages7V2-1\vendor\cakephp\cakephp\src\Http\ActionDispatcher.php(94): Cake\Http\ActionDispatcher->_invoke(Object(App\Controller\StudentsController))
#2 C:\Program Files (x86)\Ampps\www\gestionDesStages7V2-1\vendor\cakephp\cakephp\src\Http\BaseApplication.php(235): Cake\Http\ActionDispatcher->dispatch(Object(Cake\Http\ServerRequest), Object(Cake\Http\Response))
#3 C:\Program Files (x86)\Ampps\www\gestionDesStages7V2-1\vendor\cakephp\cakephp\src\Http\Runner.php(65): Cake\Http\BaseApplication->__invoke(Object(Cake\Http\ServerRequest), Object(Cake\Http\Response), Object(Cake\Http\Runner))
#4 C:\Program Files (x86)\Ampps\www\gestionDesStages7V2-1\vendor\cakephp\cakephp\src\Http\Middleware\CsrfProtectionMiddleware.php(107): Cake\Http\Runner->__invoke(Object(Cake\Http\ServerRequest), Object(Cake\Http\Response))
#5 C:\Program Files (x86)\Ampps\www\gestionDesStages7V2-1\vendor\cakephp\cakephp\src\Http\Runner.php(65): Cake\Http\Middleware\CsrfProtectionMiddleware->__invoke(Object(Cake\Http\ServerRequest), Object(Cake\Http\Response), Object(Cake\Http\Runner))
#6 C:\Program Files (x86)\Ampps\www\gestionDesStages7V2-1\vendor\cakephp\cakephp\src\Routing\Middleware\RoutingMiddleware.php(156): Cake\Http\Runner->__invoke(Object(Cake\Http\ServerRequest), Object(Cake\Http\Response))
#7 C:\Program Files (x86)\Ampps\www\gestionDesStages7V2-1\vendor\cakephp\cakephp\src\Http\Runner.php(65): Cake\Routing\Middleware\RoutingMiddleware->__invoke(Object(Cake\Http\ServerRequest), Object(Cake\Http\Response), Object(Cake\Http\Runner))
#8 C:\Program Files (x86)\Ampps\www\gestionDesStages7V2-1\vendor\cakephp\cakephp\src\Routing\Middleware\AssetMiddleware.php(88): Cake\Http\Runner->__invoke(Object(Cake\Http\ServerRequest), Object(Cake\Http\Response))
#9 C:\Program Files (x86)\Ampps\www\gestionDesStages7V2-1\vendor\cakephp\cakephp\src\Http\Runner.php(65): Cake\Routing\Middleware\AssetMiddleware->__invoke(Object(Cake\Http\ServerRequest), Object(Cake\Http\Response), Object(Cake\Http\Runner))
#10 C:\Program Files (x86)\Ampps\www\gestionDesStages7V2-1\vendor\cakephp\cakephp\src\Error\Middleware\ErrorHandlerMiddleware.php(98): Cake\Http\Runner->__invoke(Object(Cake\Http\ServerRequest), Object(Cake\Http\Response))
#11 C:\Program Files (x86)\Ampps\www\gestionDesStages7V2-1\vendor\cakephp\cakephp\src\Http\Runner.php(65): Cake\Error\Middleware\ErrorHandlerMiddleware->__invoke(Object(Cake\Http\ServerRequest), Object(Cake\Http\Response), Object(Cake\Http\Runner))
#12 C:\Program Files (x86)\Ampps\www\gestionDesStages7V2-1\vendor\cakephp\debug_kit\src\Middleware\DebugKitMiddleware.php(53): Cake\Http\Runner->__invoke(Object(Cake\Http\ServerRequest), Object(Cake\Http\Response))
#13 C:\Program Files (x86)\Ampps\www\gestionDesStages7V2-1\vendor\cakephp\cakephp\src\Http\Runner.php(65): DebugKit\Middleware\DebugKitMiddleware->__invoke(Object(Cake\Http\ServerRequest), Object(Cake\Http\Response), Object(Cake\Http\Runner))
#14 C:\Program Files (x86)\Ampps\www\gestionDesStages7V2-1\vendor\cakephp\cakephp\src\Http\Runner.php(51): Cake\Http\Runner->__invoke(Object(Cake\Http\ServerRequest), Object(Cake\Http\Response))
#15 C:\Program Files (x86)\Ampps\www\gestionDesStages7V2-1\vendor\cakephp\cakephp\src\Http\Server.php(98): Cake\Http\Runner->run(Object(Cake\Http\MiddlewareQueue), Object(Cake\Http\ServerRequest), Object(Cake\Http\Response))
#16 C:\Program Files (x86)\Ampps\www\gestionDesStages7V2-1\webroot\index.php(40): Cake\Http\Server->run()
#17 {main}


2018-11-07 19:20:36 Error: [Cake\Datasource\Exception\RecordNotFoundException] Record not found in table "users"
Request URL: /users/editStudent/5
Stack Trace:
#0 C:\Program Files (x86)\Ampps\www\gestionDesStages7V2-1\vendor\cakephp\cakephp\src\ORM\Table.php(1613): Cake\ORM\Query->firstOrFail()
#1 C:\Program Files (x86)\Ampps\www\gestionDesStages7V2-1\src\Controller\UsersController.php(129): Cake\ORM\Table->get(Array, Array)
#2 C:\Program Files (x86)\Ampps\www\gestionDesStages7V2-1\vendor\cakephp\cakephp\src\Controller\Controller.php(596): App\Controller\UsersController->editStudent('5')
#3 C:\Program Files (x86)\Ampps\www\gestionDesStages7V2-1\vendor\cakephp\cakephp\src\Http\ActionDispatcher.php(120): Cake\Controller\Controller->invokeAction()
#4 C:\Program Files (x86)\Ampps\www\gestionDesStages7V2-1\vendor\cakephp\cakephp\src\Http\ActionDispatcher.php(94): Cake\Http\ActionDispatcher->_invoke(Object(App\Controller\UsersController))
#5 C:\Program Files (x86)\Ampps\www\gestionDesStages7V2-1\vendor\cakephp\cakephp\src\Http\BaseApplication.php(235): Cake\Http\ActionDispatcher->dispatch(Object(Cake\Http\ServerRequest), Object(Cake\Http\Response))
#6 C:\Program Files (x86)\Ampps\www\gestionDesStages7V2-1\vendor\cakephp\cakephp\src\Http\Runner.php(65): Cake\Http\BaseApplication->__invoke(Object(Cake\Http\ServerRequest), Object(Cake\Http\Response), Object(Cake\Http\Runner))
#7 C:\Program Files (x86)\Ampps\www\gestionDesStages7V2-1\vendor\cakephp\cakephp\src\Http\Middleware\CsrfProtectionMiddleware.php(107): Cake\Http\Runner->__invoke(Object(Cake\Http\ServerRequest), Object(Cake\Http\Response))
#8 C:\Program Files (x86)\Ampps\www\gestionDesStages7V2-1\vendor\cakephp\cakephp\src\Http\Runner.php(65): Cake\Http\Middleware\CsrfProtectionMiddleware->__invoke(Object(Cake\Http\ServerRequest), Object(Cake\Http\Response), Object(Cake\Http\Runner))
#9 C:\Program Files (x86)\Ampps\www\gestionDesStages7V2-1\vendor\cakephp\cakephp\src\Routing\Middleware\RoutingMiddleware.php(156): Cake\Http\Runner->__invoke(Object(Cake\Http\ServerRequest), Object(Cake\Http\Response))
#10 C:\Program Files (x86)\Ampps\www\gestionDesStages7V2-1\vendor\cakephp\cakephp\src\Http\Runner.php(65): Cake\Routing\Middleware\RoutingMiddleware->__invoke(Object(Cake\Http\ServerRequest), Object(Cake\Http\Response), Object(Cake\Http\Runner))
#11 C:\Program Files (x86)\Ampps\www\gestionDesStages7V2-1\vendor\cakephp\cakephp\src\Routing\Middleware\AssetMiddleware.php(88): Cake\Http\Runner->__invoke(Object(Cake\Http\ServerRequest), Object(Cake\Http\Response))
#12 C:\Program Files (x86)\Ampps\www\gestionDesStages7V2-1\vendor\cakephp\cakephp\src\Http\Runner.php(65): Cake\Routing\Middleware\AssetMiddleware->__invoke(Object(Cake\Http\ServerRequest), Object(Cake\Http\Response), Object(Cake\Http\Runner))
#13 C:\Program Files (x86)\Ampps\www\gestionDesStages7V2-1\vendor\cakephp\cakephp\src\Error\Middleware\ErrorHandlerMiddleware.php(98): Cake\Http\Runner->__invoke(Object(Cake\Http\ServerRequest), Object(Cake\Http\Response))
#14 C:\Program Files (x86)\Ampps\www\gestionDesStages7V2-1\vendor\cakephp\cakephp\src\Http\Runner.php(65): Cake\Error\Middleware\ErrorHandlerMiddleware->__invoke(Object(Cake\Http\ServerRequest), Object(Cake\Http\Response), Object(Cake\Http\Runner))
#15 C:\Program Files (x86)\Ampps\www\gestionDesStages7V2-1\vendor\cakephp\debug_kit\src\Middleware\DebugKitMiddleware.php(53): Cake\Http\Runner->__invoke(Object(Cake\Http\ServerRequest), Object(Cake\Http\Response))
#16 C:\Program Files (x86)\Ampps\www\gestionDesStages7V2-1\vendor\cakephp\cakephp\src\Http\Runner.php(65): DebugKit\Middleware\DebugKitMiddleware->__invoke(Object(Cake\Http\ServerRequest), Object(Cake\Http\Response), Object(Cake\Http\Runner))
#17 C:\Program Files (x86)\Ampps\www\gestionDesStages7V2-1\vendor\cakephp\cakephp\src\Http\Runner.php(51): Cake\Http\Runner->__invoke(Object(Cake\Http\ServerRequest), Object(Cake\Http\Response))
#18 C:\Program Files (x86)\Ampps\www\gestionDesStages7V2-1\vendor\cakephp\cakephp\src\Http\Server.php(98): Cake\Http\Runner->run(Object(Cake\Http\MiddlewareQueue), Object(Cake\Http\ServerRequest), Object(Cake\Http\Response))
#19 C:\Program Files (x86)\Ampps\www\gestionDesStages7V2-1\webroot\index.php(40): Cake\Http\Server->run()
#20 {main}


2018-11-07 19:20:42 Warning: Warning (512): Unable to emit headers. Headers sent in file=C:\Program Files (x86)\Ampps\www\gestionDesStages7V2-1\vendor\cakephp\cakephp\src\Error\Debugger.php line=853 in [C:\Program Files (x86)\Ampps\www\gestionDesStages7V2-1\vendor\cakephp\cakephp\src\Http\ResponseEmitter.php, line 48]
Request URL: /users/editStudent/1
Trace:
Cake\Error\BaseErrorHandler::handleError() - CORE\src\Error\BaseErrorHandler.php, line 159
Cake\Core\BasePlugin::{closure}() - ROOT\vendor\cakephp\debug_kit\config\bootstrap.php, line 41
Cake\Http\ResponseEmitter::emit() - CORE\src\Http\ResponseEmitter.php, line 48
Cake\Http\Server::emit() - CORE\src\Http\Server.php, line 141
[main] - ROOT\webroot\index.php, line 40



2018-11-07 19:20:42 Warning: Warning (2): Cannot modify header information - headers already sent by (output started at C:\Program Files (x86)\Ampps\www\gestionDesStages7V2-1\vendor\cakephp\cakephp\src\Error\Debugger.php:853) in [C:\Program Files (x86)\Ampps\www\gestionDesStages7V2-1\vendor\cakephp\cakephp\src\Http\ResponseEmitter.php, line 148]
Request URL: /users/editStudent/1
Trace:
Cake\Error\BaseErrorHandler::handleError() - CORE\src\Error\BaseErrorHandler.php, line 159
Cake\Core\BasePlugin::{closure}() - ROOT\vendor\cakephp\debug_kit\config\bootstrap.php, line 41
header - [internal], line ??
Cake\Http\ResponseEmitter::emitStatusLine() - CORE\src\Http\ResponseEmitter.php, line 148
Cake\Http\ResponseEmitter::emit() - CORE\src\Http\ResponseEmitter.php, line 54
Cake\Http\Server::emit() - CORE\src\Http\Server.php, line 141
[main] - ROOT\webroot\index.php, line 40



2018-11-07 19:20:42 Warning: Warning (2): Cannot modify header information - headers already sent by (output started at C:\Program Files (x86)\Ampps\www\gestionDesStages7V2-1\vendor\cakephp\cakephp\src\Error\Debugger.php:853) in [C:\Program Files (x86)\Ampps\www\gestionDesStages7V2-1\vendor\cakephp\cakephp\src\Http\ResponseEmitter.php, line 181]
Request URL: /users/editStudent/1
Trace:
Cake\Error\BaseErrorHandler::handleError() - CORE\src\Error\BaseErrorHandler.php, line 159
Cake\Core\BasePlugin::{closure}() - ROOT\vendor\cakephp\debug_kit\config\bootstrap.php, line 41
header - [internal], line ??
Cake\Http\ResponseEmitter::emitHeaders() - CORE\src\Http\ResponseEmitter.php, line 181
Cake\Http\ResponseEmitter::emit() - CORE\src\Http\ResponseEmitter.php, line 55
Cake\Http\Server::emit() - CORE\src\Http\Server.php, line 141
[main] - ROOT\webroot\index.php, line 40



2018-11-07 19:20:42 Warning: Warning (2): Cannot modify header information - headers already sent by (output started at C:\Program Files (x86)\Ampps\www\gestionDesStages7V2-1\vendor\cakephp\cakephp\src\Error\Debugger.php:853) in [C:\Program Files (x86)\Ampps\www\gestionDesStages7V2-1\vendor\cakephp\cakephp\src\Http\ResponseEmitter.php, line 181]
Request URL: /users/editStudent/1
Trace:
Cake\Error\BaseErrorHandler::handleError() - CORE\src\Error\BaseErrorHandler.php, line 159
Cake\Core\BasePlugin::{closure}() - ROOT\vendor\cakephp\debug_kit\config\bootstrap.php, line 41
header - [internal], line ??
Cake\Http\ResponseEmitter::emitHeaders() - CORE\src\Http\ResponseEmitter.php, line 181
Cake\Http\ResponseEmitter::emit() - CORE\src\Http\ResponseEmitter.php, line 55
Cake\Http\Server::emit() - CORE\src\Http\Server.php, line 141
[main] - ROOT\webroot\index.php, line 40



2018-11-07 19:24:07 Warning: Warning (512): Unable to emit headers. Headers sent in file=C:\Program Files (x86)\Ampps\www\gestionDesStages7V2-1\vendor\cakephp\cakephp\src\Error\Debugger.php line=853 in [C:\Program Files (x86)\Ampps\www\gestionDesStages7V2-1\vendor\cakephp\cakephp\src\Http\ResponseEmitter.php, line 48]
Request URL: /users/editStudent/1
Trace:
Cake\Error\BaseErrorHandler::handleError() - CORE\src\Error\BaseErrorHandler.php, line 159
Cake\Core\BasePlugin::{closure}() - ROOT\vendor\cakephp\debug_kit\config\bootstrap.php, line 41
Cake\Http\ResponseEmitter::emit() - CORE\src\Http\ResponseEmitter.php, line 48
Cake\Http\Server::emit() - CORE\src\Http\Server.php, line 141
[main] - ROOT\webroot\index.php, line 40



2018-11-07 19:24:07 Warning: Warning (2): Cannot modify header information - headers already sent by (output started at C:\Program Files (x86)\Ampps\www\gestionDesStages7V2-1\vendor\cakephp\cakephp\src\Error\Debugger.php:853) in [C:\Program Files (x86)\Ampps\www\gestionDesStages7V2-1\vendor\cakephp\cakephp\src\Http\ResponseEmitter.php, line 148]
Request URL: /users/editStudent/1
Trace:
Cake\Error\BaseErrorHandler::handleError() - CORE\src\Error\BaseErrorHandler.php, line 159
Cake\Core\BasePlugin::{closure}() - ROOT\vendor\cakephp\debug_kit\config\bootstrap.php, line 41
header - [internal], line ??
Cake\Http\ResponseEmitter::emitStatusLine() - CORE\src\Http\ResponseEmitter.php, line 148
Cake\Http\ResponseEmitter::emit() - CORE\src\Http\ResponseEmitter.php, line 54
Cake\Http\Server::emit() - CORE\src\Http\Server.php, line 141
[main] - ROOT\webroot\index.php, line 40



2018-11-07 19:24:07 Warning: Warning (2): Cannot modify header information - headers already sent by (output started at C:\Program Files (x86)\Ampps\www\gestionDesStages7V2-1\vendor\cakephp\cakephp\src\Error\Debugger.php:853) in [C:\Program Files (x86)\Ampps\www\gestionDesStages7V2-1\vendor\cakephp\cakephp\src\Http\ResponseEmitter.php, line 181]
Request URL: /users/editStudent/1
Trace:
Cake\Error\BaseErrorHandler::handleError() - CORE\src\Error\BaseErrorHandler.php, line 159
Cake\Core\BasePlugin::{closure}() - ROOT\vendor\cakephp\debug_kit\config\bootstrap.php, line 41
header - [internal], line ??
Cake\Http\ResponseEmitter::emitHeaders() - CORE\src\Http\ResponseEmitter.php, line 181
Cake\Http\ResponseEmitter::emit() - CORE\src\Http\ResponseEmitter.php, line 55
Cake\Http\Server::emit() - CORE\src\Http\Server.php, line 141
[main] - ROOT\webroot\index.php, line 40



2018-11-07 19:24:07 Warning: Warning (2): Cannot modify header information - headers already sent by (output started at C:\Program Files (x86)\Ampps\www\gestionDesStages7V2-1\vendor\cakephp\cakephp\src\Error\Debugger.php:853) in [C:\Program Files (x86)\Ampps\www\gestionDesStages7V2-1\vendor\cakephp\cakephp\src\Http\ResponseEmitter.php, line 181]
Request URL: /users/editStudent/1
Trace:
Cake\Error\BaseErrorHandler::handleError() - CORE\src\Error\BaseErrorHandler.php, line 159
Cake\Core\BasePlugin::{closure}() - ROOT\vendor\cakephp\debug_kit\config\bootstrap.php, line 41
header - [internal], line ??
Cake\Http\ResponseEmitter::emitHeaders() - CORE\src\Http\ResponseEmitter.php, line 181
Cake\Http\ResponseEmitter::emit() - CORE\src\Http\ResponseEmitter.php, line 55
Cake\Http\Server::emit() - CORE\src\Http\Server.php, line 141
[main] - ROOT\webroot\index.php, line 40



